<?xml version="1.0" encoding="UTF-8"?>
<coverage generated="1750612397860" clover="3.2.0">
  <project timestamp="1750612397861" name="All files">
    <metrics statements="85" coveredstatements="75" conditionals="34" coveredconditionals="22" methods="14" coveredmethods="11" elements="133" coveredelements="108" complexity="0" loc="85" ncloc="85" packages="1" files="2" classes="2"/>
    <file name="ocr-parser.ts" path="/mnt/c/projects/credit-clarity/src/utils/ocr-parser.ts">
      <metrics statements="77" coveredstatements="67" conditionals="32" coveredconditionals="21" methods="13" coveredmethods="10"/>
      <line num="1" count="1" type="stmt"/>
      <line num="3" count="1" type="stmt"/>
      <line num="23" count="1" type="stmt"/>
      <line num="32" count="1" type="stmt"/>
      <line num="33" count="3" type="cond" truecount="2" falsecount="1"/>
      <line num="34" count="0" type="stmt"/>
      <line num="38" count="3" type="stmt"/>
      <line num="50" count="3" type="stmt"/>
      <line num="61" count="3" type="stmt"/>
      <line num="70" count="3" type="stmt"/>
      <line num="73" count="3" type="stmt"/>
      <line num="74" count="63" type="stmt"/>
      <line num="77" count="3" type="stmt"/>
      <line num="86" count="1" type="stmt"/>
      <line num="135" count="9" type="stmt"/>
      <line num="138" count="9" type="cond" truecount="3" falsecount="0"/>
      <line num="139" count="9" type="cond" truecount="2" falsecount="1"/>
      <line num="142" count="9" type="stmt"/>
      <line num="143" count="9" type="stmt"/>
      <line num="147" count="9" type="stmt"/>
      <line num="152" count="9" type="stmt"/>
      <line num="153" count="90" type="cond" truecount="1" falsecount="0"/>
      <line num="156" count="9" type="stmt"/>
      <line num="157" count="108" type="cond" truecount="0" falsecount="1"/>
      <line num="161" count="9" type="cond" truecount="1" falsecount="0"/>
      <line num="162" count="9" type="cond" truecount="2" falsecount="1"/>
      <line num="164" count="9" type="stmt"/>
      <line num="172" count="9" type="cond" truecount="0" falsecount="1"/>
      <line num="174" count="9" type="stmt"/>
      <line num="175" count="9" type="stmt"/>
      <line num="177" count="9" type="stmt"/>
      <line num="184" count="9" type="cond" truecount="2" falsecount="1"/>
      <line num="186" count="9" type="stmt"/>
      <line num="187" count="9" type="cond" truecount="2" falsecount="0"/>
      <line num="191" count="1" type="stmt"/>
      <line num="195" count="3" type="stmt"/>
      <line num="197" count="3" type="cond" truecount="2" falsecount="1"/>
      <line num="198" count="0" type="stmt"/>
      <line num="199" count="0" type="stmt"/>
      <line num="202" count="3" type="stmt"/>
      <line num="204" count="3" type="stmt"/>
      <line num="205" count="3" type="stmt"/>
      <line num="206" count="3" type="stmt"/>
      <line num="208" count="3" type="stmt"/>
      <line num="209" count="3" type="stmt"/>
      <line num="211" count="24" type="stmt"/>
      <line num="214" count="24" type="stmt"/>
      <line num="215" count="9" type="stmt"/>
      <line num="216" count="9" type="stmt"/>
      <line num="218" count="9" type="cond" truecount="0" falsecount="1"/>
      <line num="219" count="0" type="stmt"/>
      <line num="222" count="9" type="stmt"/>
      <line num="223" count="9" type="stmt"/>
      <line num="225" count="9" type="cond" truecount="0" falsecount="1"/>
      <line num="226" count="0" type="stmt"/>
      <line num="229" count="9" type="stmt"/>
      <line num="238" count="9" type="stmt"/>
      <line num="239" count="9" type="stmt"/>
      <line num="240" count="9" type="stmt"/>
      <line num="242" count="0" type="stmt"/>
      <line num="248" count="3" type="stmt"/>
      <line num="250" count="3" type="cond" truecount="0" falsecount="1"/>
      <line num="251" count="0" type="stmt"/>
      <line num="255" count="3" type="stmt"/>
      <line num="257" count="3" type="stmt"/>
      <line num="258" count="9" type="stmt"/>
      <line num="259" count="9" type="cond" truecount="3" falsecount="0"/>
      <line num="260" count="5" type="stmt"/>
      <line num="264" count="3" type="stmt"/>
      <line num="265" count="3" type="stmt"/>
      <line num="267" count="3" type="stmt"/>
      <line num="268" count="3" type="stmt"/>
      <line num="272" count="1" type="stmt"/>
      <line num="276" count="0" type="stmt"/>
      <line num="277" count="0" type="stmt"/>
      <line num="278" count="0" type="stmt"/>
      <line num="283" count="1" type="stmt"/>
    </file>
    <file name="pdf-parser.ts" path="/mnt/c/projects/credit-clarity/src/utils/pdf-parser.ts">
      <metrics statements="8" coveredstatements="8" conditionals="2" coveredconditionals="1" methods="1" coveredmethods="1"/>
      <line num="1" count="1" type="stmt"/>
      <line num="2" count="1" type="stmt"/>
      <line num="4" count="1" type="stmt"/>
      <line num="5" count="1" type="stmt"/>
      <line num="7" count="1" type="stmt"/>
      <line num="12" count="1" type="stmt"/>
      <line num="14" count="1" type="stmt"/>
      <line num="68" count="1" type="cond" truecount="1" falsecount="1"/>
    </file>
  </project>
</coverage>
