{"/mnt/c/projects/credit-clarity/src/utils/ocr-parser.ts": {"path":"/mnt/c/projects/credit-clarity/src/utils/ocr-parser.ts","statementMap":{"0":{"start":{"line":32,"column":0},"end":{"line":32,"column":16}},"1":{"start":{"line":283,"column":63},"end":{"line":283,"column":76}},"2":{"start":{"line":191,"column":0},"end":{"line":191,"column":16}},"3":{"start":{"line":272,"column":0},"end":{"line":272,"column":16}},"4":{"start":{"line":283,"column":26},"end":{"line":283,"column":45}},"5":{"start":{"line":1,"column":0},"end":{"line":1,"column":24}},"6":{"start":{"line":3,"column":13},"end":{"line":10,"column":3}},"7":{"start":{"line":23,"column":37},"end":{"line":30,"column":2}},"8":{"start":{"line":33,"column":2},"end":{"line":35,"column":3}},"9":{"start":{"line":34,"column":4},"end":{"line":34,"column":14}},"10":{"start":{"line":38,"column":27},"end":{"line":47,"column":4}},"11":{"start":{"line":50,"column":30},"end":{"line":58,"column":4}},"12":{"start":{"line":61,"column":24},"end":{"line":68,"column":4}},"13":{"start":{"line":70,"column":18},"end":{"line":70,"column":22}},"14":{"start":{"line":73,"column":2},"end":{"line":75,"column":5}},"15":{"start":{"line":74,"column":4},"end":{"line":74,"column":48}},"16":{"start":{"line":77,"column":2},"end":{"line":82,"column":12}},"17":{"start":{"line":86,"column":24},"end":{"line":127,"column":2}},"18":{"start":{"line":283,"column":9},"end":{"line":283,"column":24}},"19":{"start":{"line":135,"column":19},"end":{"line":135,"column":33}},"20":{"start":{"line":138,"column":2},"end":{"line":138,"column":67}},"21":{"start":{"line":138,"column":49},"end":{"line":138,"column":67}},"22":{"start":{"line":139,"column":2},"end":{"line":139,"column":65}},"23":{"start":{"line":139,"column":47},"end":{"line":139,"column":65}},"24":{"start":{"line":142,"column":23},"end":{"line":142,"column":44}},"25":{"start":{"line":143,"column":29},"end":{"line":146,"column":4}},"26":{"start":{"line":147,"column":29},"end":{"line":150,"column":4}},"27":{"start":{"line":152,"column":2},"end":{"line":154,"column":5}},"28":{"start":{"line":153,"column":4},"end":{"line":153,"column":60}},"29":{"start":{"line":153,"column":42},"end":{"line":153,"column":60}},"30":{"start":{"line":156,"column":2},"end":{"line":158,"column":5}},"31":{"start":{"line":157,"column":4},"end":{"line":157,"column":60}},"32":{"start":{"line":157,"column":42},"end":{"line":157,"column":60}},"33":{"start":{"line":161,"column":2},"end":{"line":161,"column":61}},"34":{"start":{"line":161,"column":43},"end":{"line":161,"column":61}},"35":{"start":{"line":162,"column":2},"end":{"line":162,"column":73}},"36":{"start":{"line":162,"column":55},"end":{"line":162,"column":73}},"37":{"start":{"line":164,"column":2},"end":{"line":164,"column":46}},"38":{"start":{"line":172,"column":2},"end":{"line":172,"column":40}},"39":{"start":{"line":172,"column":30},"end":{"line":172,"column":40}},"40":{"start":{"line":174,"column":16},"end":{"line":174,"column":60}},"41":{"start":{"line":175,"column":14},"end":{"line":175,"column":73}},"42":{"start":{"line":177,"column":2},"end":{"line":180,"column":12}},"43":{"start":{"line":184,"column":2},"end":{"line":184,"column":60}},"44":{"start":{"line":184,"column":47},"end":{"line":184,"column":60}},"45":{"start":{"line":186,"column":17},"end":{"line":186,"column":43}},"46":{"start":{"line":187,"column":2},"end":{"line":188,"column":50}},"47":{"start":{"line":195,"column":22},"end":{"line":195,"column":54}},"48":{"start":{"line":197,"column":2},"end":{"line":200,"column":3}},"49":{"start":{"line":198,"column":4},"end":{"line":198,"column":65}},"50":{"start":{"line":199,"column":4},"end":{"line":199,"column":14}},"51":{"start":{"line":202,"column":2},"end":{"line":202,"column":80}},"52":{"start":{"line":204,"column":20},"end":{"line":204,"column":38}},"53":{"start":{"line":205,"column":16},"end":{"line":205,"column":68}},"54":{"start":{"line":205,"column":56},"end":{"line":205,"column":67}},"55":{"start":{"line":206,"column":35},"end":{"line":206,"column":37}},"56":{"start":{"line":208,"column":2},"end":{"line":246,"column":3}},"57":{"start":{"line":209,"column":4},"end":{"line":245,"column":5}},"58":{"start":{"line":211,"column":6},"end":{"line":211,"column":28}},"59":{"start":{"line":214,"column":6},"end":{"line":244,"column":7}},"60":{"start":{"line":215,"column":20},"end":{"line":215,"column":35}},"61":{"start":{"line":216,"column":30},"end":{"line":216,"column":38}},"62":{"start":{"line":218,"column":8},"end":{"line":220,"column":9}},"63":{"start":{"line":219,"column":10},"end":{"line":219,"column":19}},"64":{"start":{"line":222,"column":24},"end":{"line":222,"column":69}},"65":{"start":{"line":223,"column":27},"end":{"line":223,"column":100}},"66":{"start":{"line":225,"column":8},"end":{"line":227,"column":9}},"67":{"start":{"line":226,"column":10},"end":{"line":226,"column":19}},"68":{"start":{"line":229,"column":45},"end":{"line":236,"column":10}},"69":{"start":{"line":238,"column":8},"end":{"line":243,"column":9}},"70":{"start":{"line":239,"column":10},"end":{"line":239,"column":51}},"71":{"start":{"line":240,"column":10},"end":{"line":240,"column":38}},"72":{"start":{"line":242,"column":10},"end":{"line":242,"column":76}},"73":{"start":{"line":248,"column":2},"end":{"line":248,"column":85}},"74":{"start":{"line":250,"column":2},"end":{"line":252,"column":3}},"75":{"start":{"line":251,"column":4},"end":{"line":251,"column":63}},"76":{"start":{"line":251,"column":34},"end":{"line":251,"column":61}},"77":{"start":{"line":255,"column":17},"end":{"line":255,"column":49}},"78":{"start":{"line":257,"column":2},"end":{"line":262,"column":3}},"79":{"start":{"line":258,"column":21},"end":{"line":258,"column":49}},"80":{"start":{"line":259,"column":4},"end":{"line":261,"column":5}},"81":{"start":{"line":260,"column":6},"end":{"line":260,"column":42}},"82":{"start":{"line":264,"column":17},"end":{"line":265,"column":48}},"83":{"start":{"line":265,"column":20},"end":{"line":265,"column":47}},"84":{"start":{"line":267,"column":2},"end":{"line":267,"column":85}},"85":{"start":{"line":268,"column":2},"end":{"line":268,"column":16}},"86":{"start":{"line":276,"column":2},"end":{"line":279,"column":5}},"87":{"start":{"line":277,"column":4},"end":{"line":277,"column":89}},"88":{"start":{"line":278,"column":4},"end":{"line":278,"column":44}}},"fnMap":{"0":{"name":"sanitizeText","decl":{"start":{"line":32,"column":16},"end":{"line":32,"column":28}},"loc":{"start":{"line":32,"column":41},"end":{"line":83,"column":1}}},"1":{"name":"(anonymous_1)","decl":{"start":{"line":73,"column":74},"end":{"line":73,"column":81}},"loc":{"start":{"line":73,"column":84},"end":{"line":75,"column":3}}},"2":{"name":"calculateConfidence","decl":{"start":{"line":129,"column":9},"end":{"line":129,"column":28}},"loc":{"start":{"line":133,"column":23},"end":{"line":165,"column":1}}},"3":{"name":"(anonymous_3)","decl":{"start":{"line":152,"column":29},"end":{"line":152,"column":38}},"loc":{"start":{"line":152,"column":41},"end":{"line":154,"column":3}}},"4":{"name":"(anonymous_4)","decl":{"start":{"line":156,"column":29},"end":{"line":156,"column":38}},"loc":{"start":{"line":156,"column":41},"end":{"line":158,"column":3}}},"5":{"name":"extractContext","decl":{"start":{"line":167,"column":9},"end":{"line":167,"column":23}},"loc":{"start":{"line":170,"column":22},"end":{"line":181,"column":1}}},"6":{"name":"validateAccountNumber","decl":{"start":{"line":183,"column":9},"end":{"line":183,"column":30}},"loc":{"start":{"line":183,"column":68},"end":{"line":189,"column":1}}},"7":{"name":"parseAccountNumbers","decl":{"start":{"line":191,"column":16},"end":{"line":191,"column":35}},"loc":{"start":{"line":193,"column":36},"end":{"line":269,"column":1}}},"8":{"name":"(anonymous_8)","decl":{"start":{"line":205,"column":48},"end":{"line":205,"column":52}},"loc":{"start":{"line":205,"column":56},"end":{"line":205,"column":67}}},"9":{"name":"(anonymous_9)","decl":{"start":{"line":251,"column":24},"end":{"line":251,"column":25}},"loc":{"start":{"line":251,"column":34},"end":{"line":251,"column":61}}},"10":{"name":"(anonymous_10)","decl":{"start":{"line":265,"column":10},"end":{"line":265,"column":11}},"loc":{"start":{"line":265,"column":20},"end":{"line":265,"column":47}}},"11":{"name":"parseMultipleDocuments","decl":{"start":{"line":272,"column":16},"end":{"line":272,"column":38}},"loc":{"start":{"line":274,"column":36},"end":{"line":280,"column":1}}},"12":{"name":"(anonymous_12)","decl":{"start":{"line":276,"column":23},"end":{"line":276,"column":24}},"loc":{"start":{"line":276,"column":38},"end":{"line":279,"column":3}}}},"branchMap":{"0":{"loc":{"start":{"line":33,"column":2},"end":{"line":35,"column":3}},"type":"if","locations":[{"start":{"line":33,"column":2},"end":{"line":35,"column":3}}]},"1":{"loc":{"start":{"line":33,"column":6},"end":{"line":33,"column":39}},"type":"binary-expr","locations":[{"start":{"line":33,"column":6},"end":{"line":33,"column":11}},{"start":{"line":33,"column":15},"end":{"line":33,"column":39}}]},"2":{"loc":{"start":{"line":138,"column":2},"end":{"line":138,"column":67}},"type":"if","locations":[{"start":{"line":138,"column":2},"end":{"line":138,"column":67}}]},"3":{"loc":{"start":{"line":138,"column":6},"end":{"line":138,"column":47}},"type":"binary-expr","locations":[{"start":{"line":138,"column":6},"end":{"line":138,"column":24}},{"start":{"line":138,"column":28},"end":{"line":138,"column":47}}]},"4":{"loc":{"start":{"line":139,"column":2},"end":{"line":139,"column":65}},"type":"if","locations":[{"start":{"line":139,"column":2},"end":{"line":139,"column":65}}]},"5":{"loc":{"start":{"line":139,"column":6},"end":{"line":139,"column":45}},"type":"binary-expr","locations":[{"start":{"line":139,"column":6},"end":{"line":139,"column":23}},{"start":{"line":139,"column":27},"end":{"line":139,"column":45}}]},"6":{"loc":{"start":{"line":153,"column":4},"end":{"line":153,"column":60}},"type":"if","locations":[{"start":{"line":153,"column":4},"end":{"line":153,"column":60}}]},"7":{"loc":{"start":{"line":157,"column":4},"end":{"line":157,"column":60}},"type":"if","locations":[{"start":{"line":157,"column":4},"end":{"line":157,"column":60}}]},"8":{"loc":{"start":{"line":161,"column":2},"end":{"line":161,"column":61}},"type":"if","locations":[{"start":{"line":161,"column":2},"end":{"line":161,"column":61}}]},"9":{"loc":{"start":{"line":162,"column":2},"end":{"line":162,"column":73}},"type":"if","locations":[{"start":{"line":162,"column":2},"end":{"line":162,"column":73}}]},"10":{"loc":{"start":{"line":162,"column":6},"end":{"line":162,"column":53}},"type":"binary-expr","locations":[{"start":{"line":162,"column":6},"end":{"line":162,"column":28}},{"start":{"line":162,"column":32},"end":{"line":162,"column":53}}]},"11":{"loc":{"start":{"line":172,"column":2},"end":{"line":172,"column":40}},"type":"if","locations":[{"start":{"line":172,"column":2},"end":{"line":172,"column":40}}]},"12":{"loc":{"start":{"line":184,"column":2},"end":{"line":184,"column":60}},"type":"if","locations":[{"start":{"line":184,"column":2},"end":{"line":184,"column":60}}]},"13":{"loc":{"start":{"line":184,"column":6},"end":{"line":184,"column":45}},"type":"binary-expr","locations":[{"start":{"line":184,"column":6},"end":{"line":184,"column":14}},{"start":{"line":184,"column":18},"end":{"line":184,"column":45}}]},"14":{"loc":{"start":{"line":187,"column":9},"end":{"line":188,"column":49}},"type":"binary-expr","locations":[{"start":{"line":187,"column":9},"end":{"line":187,"column":49}},{"start":{"line":188,"column":9},"end":{"line":188,"column":49}}]},"15":{"loc":{"start":{"line":193,"column":2},"end":{"line":193,"column":36}},"type":"default-arg","locations":[{"start":{"line":193,"column":34},"end":{"line":193,"column":36}}]},"16":{"loc":{"start":{"line":197,"column":2},"end":{"line":200,"column":3}},"type":"if","locations":[{"start":{"line":197,"column":2},"end":{"line":200,"column":3}}]},"17":{"loc":{"start":{"line":197,"column":6},"end":{"line":197,"column":39}},"type":"binary-expr","locations":[{"start":{"line":197,"column":6},"end":{"line":197,"column":11}},{"start":{"line":197,"column":15},"end":{"line":197,"column":39}}]},"18":{"loc":{"start":{"line":218,"column":8},"end":{"line":220,"column":9}},"type":"if","locations":[{"start":{"line":218,"column":8},"end":{"line":220,"column":9}}]},"19":{"loc":{"start":{"line":225,"column":8},"end":{"line":227,"column":9}},"type":"if","locations":[{"start":{"line":225,"column":8},"end":{"line":227,"column":9}}]},"20":{"loc":{"start":{"line":250,"column":2},"end":{"line":252,"column":3}},"type":"if","locations":[{"start":{"line":250,"column":2},"end":{"line":252,"column":3}}]},"21":{"loc":{"start":{"line":259,"column":4},"end":{"line":261,"column":5}},"type":"if","locations":[{"start":{"line":259,"column":4},"end":{"line":261,"column":5}}]},"22":{"loc":{"start":{"line":259,"column":8},"end":{"line":259,"column":59}},"type":"binary-expr","locations":[{"start":{"line":259,"column":8},"end":{"line":259,"column":17}},{"start":{"line":259,"column":21},"end":{"line":259,"column":59}}]},"23":{"loc":{"start":{"line":274,"column":2},"end":{"line":274,"column":36}},"type":"default-arg","locations":[{"start":{"line":274,"column":34},"end":{"line":274,"column":36}}]}},"s":{"0":1,"1":1,"2":1,"3":1,"4":1,"5":1,"6":1,"7":1,"8":3,"9":0,"10":3,"11":3,"12":3,"13":3,"14":3,"15":63,"16":3,"17":1,"18":1,"19":9,"20":9,"21":1,"22":9,"23":0,"24":9,"25":9,"26":9,"27":9,"28":90,"29":18,"30":9,"31":108,"32":0,"33":9,"34":8,"35":9,"36":0,"37":9,"38":9,"39":0,"40":9,"41":9,"42":9,"43":9,"44":0,"45":9,"46":9,"47":3,"48":3,"49":0,"50":0,"51":3,"52":3,"53":3,"54":3,"55":3,"56":3,"57":3,"58":24,"59":24,"60":9,"61":9,"62":9,"63":0,"64":9,"65":9,"66":9,"67":0,"68":9,"69":9,"70":9,"71":9,"72":0,"73":3,"74":3,"75":0,"76":0,"77":3,"78":3,"79":9,"80":9,"81":5,"82":3,"83":3,"84":3,"85":3,"86":0,"87":0,"88":0},"f":{"0":3,"1":63,"2":9,"3":90,"4":108,"5":9,"6":9,"7":3,"8":3,"9":0,"10":3,"11":0,"12":0},"b":{"0":[0],"1":[3,3],"2":[1],"3":[9,1],"4":[0],"5":[9,9],"6":[18],"7":[0],"8":[8],"9":[0],"10":[9,9],"11":[0],"12":[0],"13":[9,9],"14":[9,9],"15":[3],"16":[0],"17":[3,3],"18":[0],"19":[0],"20":[0],"21":[5],"22":[9,4],"23":[0]}}
,"/mnt/c/projects/credit-clarity/src/utils/pdf-parser.ts": {"path":"/mnt/c/projects/credit-clarity/src/utils/pdf-parser.ts","statementMap":{"0":{"start":{"line":4,"column":0},"end":{"line":4,"column":7}},"1":{"start":{"line":1,"column":0},"end":{"line":1,"column":25}},"2":{"start":{"line":2,"column":0},"end":{"line":2,"column":28}},"3":{"start":{"line":5,"column":21},"end":{"line":5,"column":38}},"4":{"start":{"line":7,"column":19},"end":{"line":10,"column":6}},"5":{"start":{"line":12,"column":26},"end":{"line":12,"column":61}},"6":{"start":{"line":14,"column":32},"end":{"line":66,"column":6}},"7":{"start":{"line":68,"column":4},"end":{"line":68,"column":78}}},"fnMap":{"0":{"name":"parsePdfDocument","decl":{"start":{"line":4,"column":22},"end":{"line":4,"column":38}},"loc":{"start":{"line":4,"column":71},"end":{"line":69,"column":1}}}},"branchMap":{"0":{"loc":{"start":{"line":68,"column":22},"end":{"line":68,"column":76}},"type":"binary-expr","locations":[{"start":{"line":68,"column":22},"end":{"line":68,"column":68}},{"start":{"line":68,"column":72},"end":{"line":68,"column":76}}]}},"s":{"0":1,"1":1,"2":1,"3":1,"4":1,"5":1,"6":1,"7":1},"f":{"0":1},"b":{"0":[1,0]}}
}
