TN:
SF:src/utils/ocr-parser.ts
FN:32,sanitizeText
FN:73,(anonymous_1)
FN:129,calculateConfidence
FN:152,(anonymous_3)
FN:156,(anonymous_4)
FN:167,extractContext
FN:183,validateAccountNumber
FN:191,parseAccountNumbers
FN:205,(anonymous_8)
FN:251,(anonymous_9)
FN:265,(anonymous_10)
FN:272,parseMultipleDocuments
FN:276,(anonymous_12)
FNF:13
FNH:10
FNDA:3,sanitizeText
FNDA:63,(anonymous_1)
FNDA:9,calculateConfidence
FNDA:90,(anonymous_3)
FNDA:108,(anonymous_4)
FNDA:9,extractContext
FNDA:9,validateAccountNumber
FNDA:3,parseAccountNumbers
FNDA:3,(anonymous_8)
FNDA:0,(anonymous_9)
FNDA:3,(anonymous_10)
FNDA:0,parseMultipleDocuments
FNDA:0,(anonymous_12)
DA:1,1
DA:3,1
DA:23,1
DA:32,1
DA:33,3
DA:34,0
DA:38,3
DA:50,3
DA:61,3
DA:70,3
DA:73,3
DA:74,63
DA:77,3
DA:86,1
DA:135,9
DA:138,9
DA:139,9
DA:142,9
DA:143,9
DA:147,9
DA:152,9
DA:153,90
DA:156,9
DA:157,108
DA:161,9
DA:162,9
DA:164,9
DA:172,9
DA:174,9
DA:175,9
DA:177,9
DA:184,9
DA:186,9
DA:187,9
DA:191,1
DA:195,3
DA:197,3
DA:198,0
DA:199,0
DA:202,3
DA:204,3
DA:205,3
DA:206,3
DA:208,3
DA:209,3
DA:211,24
DA:214,24
DA:215,9
DA:216,9
DA:218,9
DA:219,0
DA:222,9
DA:223,9
DA:225,9
DA:226,0
DA:229,9
DA:238,9
DA:239,9
DA:240,9
DA:242,0
DA:248,3
DA:250,3
DA:251,0
DA:255,3
DA:257,3
DA:258,9
DA:259,9
DA:260,5
DA:264,3
DA:265,3
DA:267,3
DA:268,3
DA:272,1
DA:276,0
DA:277,0
DA:278,0
DA:283,1
LF:77
LH:67
BRDA:33,0,0,0
BRDA:33,1,0,3
BRDA:33,1,1,3
BRDA:138,2,0,1
BRDA:138,3,0,9
BRDA:138,3,1,1
BRDA:139,4,0,0
BRDA:139,5,0,9
BRDA:139,5,1,9
BRDA:153,6,0,18
BRDA:157,7,0,0
BRDA:161,8,0,8
BRDA:162,9,0,0
BRDA:162,10,0,9
BRDA:162,10,1,9
BRDA:172,11,0,0
BRDA:184,12,0,0
BRDA:184,13,0,9
BRDA:184,13,1,9
BRDA:187,14,0,9
BRDA:187,14,1,9
BRDA:193,15,0,3
BRDA:197,16,0,0
BRDA:197,17,0,3
BRDA:197,17,1,3
BRDA:218,18,0,0
BRDA:225,19,0,0
BRDA:250,20,0,0
BRDA:259,21,0,5
BRDA:259,22,0,9
BRDA:259,22,1,4
BRDA:274,23,0,0
BRF:32
BRH:21
end_of_record
TN:
SF:src/utils/pdf-parser.ts
FN:4,parsePdfDocument
FNF:1
FNH:1
FNDA:1,parsePdfDocument
DA:1,1
DA:2,1
DA:4,1
DA:5,1
DA:7,1
DA:12,1
DA:14,1
DA:68,1
LF:8
LH:8
BRDA:68,0,0,1
BRDA:68,0,1,0
BRF:2
BRH:1
end_of_record
